     1                                  
     2                                  BOOT_LOAD   equ     0x7C00
     3                                  ORG         BOOT_LOAD
     4                                  
     5                                  %include    "../include/macro.s"
     6                              <1> %macro  cdecl 1-*.nolist
     7                              <1> 
     8                              <1>     %rep %0 - 1
     9                              <1>         push    %{-1:-1}
    10                              <1>         %rotate -1
    11                              <1>     %endrep
    12                              <1>     %rotate -1
    13                              <1>     call    %1
    14                              <1> 
    15                              <1>     %if 1 < %0
    16                              <1>         add     sp, (__BITS__ >> 3) * (%0 - 1)
    17                              <1>     %endif
    18                              <1> %endmacro
     6                                  entry:
     7 00000000 EB58                        jmp     ipl
     8                                  
     9 00000002 90<rep 58h>                 times   90 - ($ - $$) db 0x90
    10                                  
    11                                  ipl:
    12 0000005A FA                          cli
    13 0000005B B80000                      mov     ax, 0x0000
    14 0000005E 8ED8                        mov     ds, ax
    15 00000060 8EC0                        mov     es, ax
    16 00000062 8ED0                        mov     ss, ax
    17 00000064 BC007C                      mov     sp, BOOT_LOAD
    18 00000067 FB                          sti
    19 00000068 8816[B200]                  mov     [BOOT.DRIVE], dl
    20                                  
    21 0000006C 68[9A00]E8570083C4-         cdecl   puts, .s0
    21 00000074 02                 
    22                                  
    23 00000075 B402                        mov     ah, 0x02
    24 00000077 B001                        mov     al, 1
    25 00000079 B90200                      mov     cx, 0x0002
    26 0000007C B600                        mov     dh, 0x00
    27 0000007E 8A16[B200]                  mov     dl, [BOOT.DRIVE]
    28 00000082 BB007E                      mov     bx, 0x7C00 + 512
    29 00000085 CD13                        int     0x13
    30                                  .10Q:
    31 00000087 730C                        jnc     .10E
    32                                  .10T:
    33 00000089 68[9A00]E83A0083C4-         cdecl   puts, .s0
    33 00000091 02                 
    34 00000092 E8D300                      call    reboot
    35                                  .10E:
    36 00000095 E96801                      jmp     stage_2
    37                                      
    38 00000098 EBFE                        jmp     $
    39                                  
    40 0000009A 426F6F74696E672E2E-     .s0 db  "Booting...", 0x0A, 0x0D, 0
    40 000000A3 2E0A0D00           
    41 000000A7 2D2D2D2D2D2D2D2D0A-     .s1 db  "--------", 0x0A, 0x0D, 0
    41 000000B0 0D00               
    42                                  
    43                                  ALIGN 2, db 0
    44                                  BOOT:
    45 000000B2 0000                    .DRIVE:     dw  0
    46                                  
    47                                  %include    "../modules/real/putc.s"
    48                              <1> putc:
    49 000000B4 55                  <1>     push    bp
    50 000000B5 89E5                <1>     mov     bp, sp
    51                              <1> 
    52 000000B7 50                  <1>     push    ax
    53 000000B8 53                  <1>     push    bx
    54                              <1> 
    55 000000B9 8A4604              <1>     mov     al, [bp + 4]
    56 000000BC B40E                <1>     mov     ah, 0x0E
    57 000000BE BB0000              <1>     mov     bx, 0x0000
    58 000000C1 CD10                <1>     int     0x10
    59                              <1> 
    60 000000C3 5B                  <1>     pop     bx
    61 000000C4 58                  <1>     pop     ax
    62                              <1> 
    63 000000C5 89EC                <1>     mov     sp, bp
    64 000000C7 5D                  <1>     pop     bp
    65                              <1> 
    66 000000C8 C3                  <1>     ret
    48                                  %include    "../modules/real/puts.s"
    49                              <1> puts:
    50 000000C9 55                  <1>     push    bp
    51 000000CA 89E5                <1>     mov     bp, sp
    52 000000CC 50                  <1>     push    ax
    53 000000CD 53                  <1>     push    bx
    54 000000CE 56                  <1>     push    si
    55                              <1> 
    56 000000CF 8B7604              <1>     mov     si, [bp + 4]
    57                              <1> 
    58 000000D2 B40E                <1>     mov     ah, 0x0E
    59 000000D4 BB0000              <1>     mov     bx, 0x0000
    60 000000D7 FC                  <1>     cld
    61                              <1> 
    62                              <1> .10L:
    63 000000D8 AC                  <1>     lodsb
    64 000000D9 3C00                <1>     cmp     al, 0
    65 000000DB 7404                <1>     je      .10E
    66                              <1> 
    67 000000DD CD10                <1>     int     0x10
    68 000000DF EBF7                <1>     jmp     .10L
    69                              <1> 
    70                              <1> .10E:
    71 000000E1 5E                  <1>     pop     si
    72 000000E2 5B                  <1>     pop     bx
    73 000000E3 58                  <1>     pop     ax
    74                              <1> 
    75 000000E4 89EC                <1>     mov     sp, bp
    76 000000E6 5D                  <1>     pop     bp
    77                              <1> 
    78 000000E7 C3                  <1>     ret
    49                                  %include    "../modules/real/itoa.s"
    50                              <1> itoa:
    51 000000E8 55                  <1>     push    bp
    52 000000E9 89E5                <1>     mov     bp, sp
    53 000000EB 50                  <1>     push    ax
    54 000000EC 53                  <1>     push    bx
    55 000000ED 51                  <1>     push    cx
    56 000000EE 52                  <1>     push    dx
    57 000000EF 56                  <1>     push    si
    58 000000F0 57                  <1>     push    di
    59                              <1> 
    60 000000F1 8B4604              <1>     mov     ax, [bp + 4]
    61 000000F4 8B7606              <1>     mov     si, [bp + 6]
    62 000000F7 8B4E08              <1>     mov     cx, [bp + 8]
    63                              <1> 
    64 000000FA 89F7                <1>     mov     di, si
    65 000000FC 01CF                <1>     add     di, cx
    66 000000FE 4F                  <1>     dec     di
    67                              <1> 
    68 000000FF 8B5E0C              <1>     mov     bx, word [bp + 12]
    69                              <1> 
    70 00000102 F7C30100            <1>     test    bx, 0b0001
    71                              <1> .10Q:
    72 00000106 7408                <1>     je      .10E
    73 00000108 83F800              <1>     cmp     ax, 0
    74                              <1> .12Q:
    75 0000010B 7D03                <1>     jge     .12E
    76 0000010D 83CB02              <1>     or      bx, 0b0010
    77                              <1> .12E:
    78                              <1> .10E:
    79                              <1> 
    80 00000110 F7C30200            <1>     test    bx, 0b0010
    81                              <1> .20Q:
    82 00000114 7410                <1>     je      .20E
    83 00000116 83F800              <1>     cmp     ax, 0
    84                              <1> .22Q:
    85 00000119 7D07                <1>     jge     .22F
    86 0000011B F7D8                <1>     neg     ax
    87 0000011D C6042D              <1>     mov     [si], byte '-'
    88 00000120 EB03                <1>     jmp     .22E
    89                              <1> .22F:
    90 00000122 C6042B              <1>     mov     [si], byte '+'
    91                              <1> .22E:
    92 00000125 49                  <1>     dec     cx
    93                              <1> .20E:
    94 00000126 8B5E0A              <1>     mov     bx, [bp + 10]
    95                              <1> .30L:
    96 00000129 BA0000              <1>     mov     dx, 0
    97 0000012C F7F3                <1>     div     bx
    98 0000012E 89D6                <1>     mov     si, dx
    99 00000130 8A94[5801]          <1>     mov     dl, byte [.ascii+si]
   100 00000134 8815                <1>     mov     [di], dl
   101 00000136 4F                  <1>     dec     di
   102                              <1> 
   103 00000137 83F800              <1>     cmp     ax, 0
   104 0000013A E0ED                <1>     loopnz  .30L
   105                              <1> .30E:
   106                              <1> 
   107 0000013C 83F900              <1>     cmp     cx, 0
   108                              <1> .40Q:
   109 0000013F 740D                <1>     je      .40E
   110 00000141 B020                <1>     mov     al, ' '
   111 00000143 837E0C04            <1>     cmp     [bp + 12], word 0b0100
   112                              <1> .42Q:
   113 00000147 7502                <1>     jne     .42E
   114 00000149 B000                <1>     mov     al, 0
   115                              <1> .42E:
   116 0000014B FD                  <1>     std
   117 0000014C F3AA                <1>     rep     stosb
   118                              <1> .40E:
   119 0000014E 5F                  <1>     pop     di
   120 0000014F 5E                  <1>     pop     si
   121 00000150 5A                  <1>     pop     dx
   122 00000151 59                  <1>     pop     cx
   123 00000152 5B                  <1>     pop     bx
   124 00000153 58                  <1>     pop     ax
   125                              <1> 
   126 00000154 89EC                <1>     mov     sp, bp
   127 00000156 5D                  <1>     pop     bp
   128                              <1> 
   129 00000157 C3                  <1>     ret
   130                              <1> 
   131 00000158 303132333435363738- <1> .ascii  db  "0123456789ABCDEF"
   131 00000161 39414243444546      <1>
    50                                  %include    "../modules/real/reboot.s"
    51                              <1> reboot:
    52 00000168 68[8401]E85BFF83C4- <1>     cdecl   puts, .s0
    52 00000170 02                  <1>
    53                              <1> 
    54                              <1> .10L:
    55 00000171 B410                <1>     mov     ah, 0x10
    56 00000173 CD16                <1>     int     0x16
    57                              <1> 
    58 00000175 3C20                <1>     cmp     al, ' '
    59 00000177 75F8                <1>     jne     .10L
    60                              <1> 
    61 00000179 68[A201]E84AFF83C4- <1>     cdecl   puts, .s1
    61 00000181 02                  <1>
    62                              <1> 
    63 00000182 CD19                <1>     int     0x19
    64                              <1> 
    65 00000184 0A0D50757368205370- <1> .s0     db  0x0A, 0x0D, "Push Space key to reboot...", 0
    65 0000018D 616365206B65792074- <1>
    65 00000196 6F207265626F6F742E- <1>
    65 0000019F 2E2E00              <1>
    66 000001A2 0A0D0A0D00          <1> .s1     db  0x0A, 0x0D, 0x0A, 0x0D, 0
    51                                  
    52 000001A7 00<rep 57h>                 times   510 - ($ - $$) db 0x00
    53 000001FE 55AA                        db      0x55, 0xAA
    54                                  
    55                                  stage_2:
    56 00000200 68[0B02]E8C3FE83C4-         cdecl   puts, .s0
    56 00000208 02                 
    57 00000209 EBFE                        jmp     $
    58                                  
    59 0000020B 326E64207374616765-     .s0 db  "2nd stage...", 0x0A, 0x0D, 0
    59 00000214 2E2E2E0A0D00       
    60                                  
    61 0000021A 00<rep 1DE6h>               times (1024*8) - ($ - $$)   db  0
